<?xml version="1.0" encoding="UTF-8"?>
<testng-results ignored="0" total="1" passed="1" failed="0" skipped="0">
  <reporter-output>
  </reporter-output>
  <suite started-at="2023-03-28T10:31:00 CEST" name="Default suite" finished-at="2023-03-28T10:31:00 CEST" duration-ms="35">
    <groups>
    </groups>
    <test started-at="2023-03-28T10:31:00 CEST" name="Default test" finished-at="2023-03-28T10:31:00 CEST" duration-ms="35">
      <class name="com.testng.selenium.TestNGSelenium.StandAloneTest">
        <test-method signature="test()[pri:0, instance:com.testng.selenium.TestNGSelenium.StandAloneTest@17497425]" started-at="2023-03-28T10:31:00 CEST" name="test" finished-at="2023-03-28T10:31:00 CEST" duration-ms="6" status="PASS">
          <reporter-output>
          </reporter-output>
        </test-method> <!-- test -->
      </class> <!-- com.testng.selenium.TestNGSelenium.StandAloneTest -->
    </test> <!-- Default test -->
  </suite> <!-- Default suite -->
</testng-results>
